--- YORULMAZ ARAŞTIRMACI v2.0 ---
Görev ID: 20251024-121441-7334
Başlangıç Zamanı: Fri Oct 24 12:14:41 UTC 2025
Verilen Görev: synthwave samurai projesi için yeni bir component oluştur
Bitiş Zamanı (Deadline): 1h sonra
------------------------------------
[2025-10-24 12:14:41] [INFO] Worker süreci başlatıldı. Görev ID: 20251024-121441-7334
[2025-10-24 12:14:41] [INFO] Varyantlar için ana dizin oluşturuluyor: ./jules-tools/tireless-researcher/variants/20251024-121441-7334
[2025-10-24 12:14:41] [INFO] Görev analizi: 'synthwave samurai projesi için yeni bir component oluştur'
[2025-10-24 12:14:41] [INFO] 'component' anahtar kelimesi algılandı. Component oluşturma varyantları başlatılıyor.
[2025-10-24 12:14:41] [INFO] Varyant A başlatılıyor. Proje kopyalanıyor: ./jules-tools/tireless-researcher/variants/20251024-121441-7334/variant-A-StandardComponent
[2025-10-24 12:14:41] [INFO] Varyant B başlatılıyor. Proje kopyalanıyor: ./jules-tools/tireless-researcher/variants/20251024-121441-7334/variant-B-ClassComponent
./jules-tools/tireless-researcher/worker.sh: line 34: rsync: command not found
./jules-tools/tireless-researcher/worker.sh: line 46: rsync: command not found
[2025-10-24 12:14:41] [INFO] Tüm varyant geliştirme süreçleri tamamlandı.
[2025-10-24 12:14:41] [INFO] Tüm varyantlar tamamlandı.
[2025-10-24 12:14:41] [INFO] Geçen Süre: 0 saniye.
[2025-10-24 12:14:41] [INFO] Verilen Süre: 3600 saniye.
[2025-10-24 12:14:41] [INFO] Görev, verilen süre içinde başarıyla tamamlandı.
[2025-10-24 12:14:41] [INFO] Worker süreci sonlandırıldı.
