--- YORULMAZ ARAŞTIRMACI v2.0 ---
Görev ID: 20251024-121901-8861
Başlangıç Zamanı: Fri Oct 24 12:19:01 UTC 2025
Verilen Görev: synthwave samurai projesi için yeni bir component oluştur
Bitiş Zamanı (Deadline): 1h sonra
------------------------------------
[2025-10-24 12:19:01] [INFO] Worker süreci başlatıldı. Görev ID: 20251024-121901-8861
[2025-10-24 12:19:01] [INFO] Varyantlar için ana dizin oluşturuluyor: ./jules-tools/tireless-researcher/variants/20251024-121901-8861
[2025-10-24 12:19:01] [INFO] Görev analizi: 'synthwave samurai projesi için yeni bir component oluştur'
[2025-10-24 12:19:01] [INFO] 'component' anahtar kelimesi algılandı. Component oluşturma varyantları başlatılıyor.
[2025-10-24 12:19:01] [INFO] Proje, './jules-tools/tireless-researcher/variants/20251024-121901-8861/variant-A-StandardComponent' dizinine kopyalanıyor...
[2025-10-24 12:19:01] [INFO] Proje, './jules-tools/tireless-researcher/variants/20251024-121901-8861/variant-B-ClassComponent' dizinine kopyalanıyor...
[2025-10-24 12:19:01] [INFO] Proje kopyalama tamamlandı.
[2025-10-24 12:19:01] [INFO] Proje kopyalama tamamlandı.
[2025-10-24 12:19:01] [INFO] [Varyant A] Yeni component dosyası oluşturuluyor...
[2025-10-24 12:19:01] [INFO] [Varyant B] Class-based component dosyası oluşturuluyor...
[2025-10-24 12:19:01] [SUCCESS] [Varyant A] Component başarıyla oluşturuldu: ./jules-tools/tireless-researcher/variants/20251024-121901-8861/variant-A-StandardComponent/projects/synthwave-samurai/src/StandardComponent.js
[2025-10-24 12:19:01] [SUCCESS] [Varyant B] Component başarıyla oluşturuldu: ./jules-tools/tireless-researcher/variants/20251024-121901-8861/variant-B-ClassComponent/projects/synthwave-samurai/src/ClassComponent.js
[2025-10-24 12:19:01] [INFO] Tüm varyant geliştirme süreçleri tamamlandı.
[2025-10-24 12:19:01] [INFO] Geçen Süre: 0 saniye.
[2025-10-24 12:19:01] [INFO] Verilen Süre: 3600 saniye.
[2025-10-24 12:19:01] [INFO] Görev, verilen süre içinde başarıyla tamamlandı.
[2025-10-24 12:19:01] [INFO] Worker süreci sonlandırıldı.
