--- YORULMAZ ARAŞTIRMACI v2.0 ---
Görev ID: 20251024-121550-7704
Başlangıç Zamanı: Fri Oct 24 12:15:50 UTC 2025
Verilen Görev: synthwave samurai projesi için yeni bir component oluştur
Bitiş Zamanı (Deadline): 1h sonra
------------------------------------
[2025-10-24 12:15:50] [INFO] Worker süreci başlatıldı. Görev ID: 20251024-121550-7704
[2025-10-24 12:15:50] [INFO] Varyantlar için ana dizin oluşturuluyor: ./jules-tools/tireless-researcher/variants/20251024-121550-7704
[2025-10-24 12:15:50] [INFO] Görev analizi: 'synthwave samurai projesi için yeni bir component oluştur'
[2025-10-24 12:15:50] [INFO] 'component' anahtar kelimesi algılandı. Component oluşturma varyantları başlatılıyor.
[2025-10-24 12:15:50] [INFO] Varyant A başlatılıyor. Proje kopyalanıyor: ./jules-tools/tireless-researcher/variants/20251024-121550-7704/variant-A-StandardComponent
[2025-10-24 12:15:50] [INFO] Varyant B başlatılıyor. Proje kopyalanıyor: ./jules-tools/tireless-researcher/variants/20251024-121550-7704/variant-B-ClassComponent
cp: cannot copy a directory, './jules-tools', into itself, './jules-tools/tireless-researcher/variants/20251024-121550-7704/variant-A-StandardComponent/jules-tools'
cp: cannot copy a directory, './jules-tools', into itself, './jules-tools/tireless-researcher/variants/20251024-121550-7704/variant-B-ClassComponent/jules-tools'
[2025-10-24 12:15:50] [INFO] Tüm varyant geliştirme süreçleri tamamlandı.
[2025-10-24 12:15:50] [INFO] Tüm varyantlar tamamlandı.
[2025-10-24 12:15:50] [INFO] Geçen Süre: 0 saniye.
[2025-10-24 12:15:50] [INFO] Verilen Süre: 3600 saniye.
[2025-10-24 12:15:50] [INFO] Görev, verilen süre içinde başarıyla tamamlandı.
[2025-10-24 12:15:50] [INFO] Worker süreci sonlandırıldı.
